<?xml version="1.0" encoding="UTF-8"?><testsuite failures="1" name="cucumber.runtime.formatter.JUnitFormatter" skipped="2" tests="4" time="11.808563">
<testcase classname="Account Feature" name="WebPublishing Upload Avatar Image" time="11.477524">
<system-out><![CDATA[Given Runmode is "Y"........................................................passed
Given I am logged into wp.nyu.edu in "MozillaHL"............................passed
And I close the browser.....................................................passed
]]></system-out>
</testcase>
<testcase classname="Account Feature" name="WebPublishing Upload Avatar Image 2" time="0.315145">
<failure message="org.openqa.selenium.WebDriverException: unknown error: cannot find Chrome binary&#10;  (Driver info: chromedriver=2.41.578700 (2f1ed5f9343c13f73144538f15c00b370eda6706),platform=Linux 4.15.0-1043-aws x86_64) (WARNING: The server did not provide any stacktrace information)&#10;Command duration or timeout: 14 milliseconds&#10;Build info: version: '3.4.0', revision: 'unknown', time: 'unknown'&#10;System info: host: 'ip-172-31-36-232', ip: '172.31.36.232', os.name: 'Linux', os.arch: 'amd64', os.version: '4.15.0-1043-aws', java.version: '1.8.0_212'&#10;Driver info: driver.version: ChromeDriver&#10;&#9;at sun.reflect.NativeConstructorAccessorImpl.newInstance0(Native Method)&#10;&#9;at sun.reflect.NativeConstructorAccessorImpl.newInstance(NativeConstructorAccessorImpl.java:62)&#10;&#9;at sun.reflect.DelegatingConstructorAccessorImpl.newInstance(DelegatingConstructorAccessorImpl.java:45)&#10;&#9;at java.lang.reflect.Constructor.newInstance(Constructor.java:423)&#10;&#9;at org.openqa.selenium.remote.ErrorHandler.createThrowable(ErrorHandler.java:215)&#10;&#9;at org.openqa.selenium.remote.ErrorHandler.throwIfResponseFailed(ErrorHandler.java:167)&#10;&#9;at org.openqa.selenium.remote.JsonWireProtocolResponse.lambda$new$0(JsonWireProtocolResponse.java:53)&#10;&#9;at org.openqa.selenium.remote.JsonWireProtocolResponse.lambda$getResponseFunction$2(JsonWireProtocolResponse.java:91)&#10;&#9;at org.openqa.selenium.remote.ProtocolHandshake.lambda$createSession$22(ProtocolHandshake.java:365)&#10;&#9;at java.util.stream.ReferencePipeline$3$1.accept(ReferencePipeline.java:193)&#10;&#9;at java.util.Spliterators$ArraySpliterator.tryAdvance(Spliterators.java:958)&#10;&#9;at java.util.stream.ReferencePipeline.forEachWithCancel(ReferencePipeline.java:126)&#10;&#9;at java.util.stream.AbstractPipeline.copyIntoWithCancel(AbstractPipeline.java:499)&#10;&#9;at java.util.stream.AbstractPipeline.copyInto(AbstractPipeline.java:486)&#10;&#9;at java.util.stream.AbstractPipeline.wrapAndCopyInto(AbstractPipeline.java:472)&#10;&#9;at java.util.stream.FindOps$FindOp.evaluateSequential(FindOps.java:152)&#10;&#9;at java.util.stream.AbstractPipeline.evaluate(AbstractPipeline.java:234)&#10;&#9;at java.util.stream.ReferencePipeline.findFirst(ReferencePipeline.java:464)&#10;&#9;at org.openqa.selenium.remote.ProtocolHandshake.createSession(ProtocolHandshake.java:368)&#10;&#9;at org.openqa.selenium.remote.ProtocolHandshake.createSession(ProtocolHandshake.java:159)&#10;&#9;at org.openqa.selenium.remote.HttpCommandExecutor.execute(HttpCommandExecutor.java:142)&#10;&#9;at org.openqa.selenium.remote.service.DriverCommandExecutor.execute(DriverCommandExecutor.java:82)&#10;&#9;at org.openqa.selenium.remote.RemoteWebDriver.execute(RemoteWebDriver.java:637)&#10;&#9;at org.openqa.selenium.remote.RemoteWebDriver.startSession(RemoteWebDriver.java:250)&#10;&#9;at org.openqa.selenium.remote.RemoteWebDriver.startSession(RemoteWebDriver.java:236)&#10;&#9;at org.openqa.selenium.remote.RemoteWebDriver.&lt;init&gt;(RemoteWebDriver.java:137)&#10;&#9;at org.openqa.selenium.chrome.ChromeDriver.&lt;init&gt;(ChromeDriver.java:184)&#10;&#9;at org.openqa.selenium.chrome.ChromeDriver.&lt;init&gt;(ChromeDriver.java:171)&#10;&#9;at org.openqa.selenium.chrome.ChromeDriver.&lt;init&gt;(ChromeDriver.java:158)&#10;&#9;at util.WebConnector.openBrowser(WebConnector.java:118)&#10;&#9;at stepDefinitions.stepDefinition.i_am_logged_into_wp_nyu_edu_in(stepDefinition.java:37)&#10;&#9;at ✽.Given I am logged into wp.nyu.edu in &quot;ChromeHL&quot;(Account.feature:12)&#10;"><![CDATA[Given Runmode is "Y"........................................................passed
Given I am logged into wp.nyu.edu in "ChromeHL".............................failed
And I close the browser.....................................................skipped

StackTrace:
org.openqa.selenium.WebDriverException: unknown error: cannot find Chrome binary
  (Driver info: chromedriver=2.41.578700 (2f1ed5f9343c13f73144538f15c00b370eda6706),platform=Linux 4.15.0-1043-aws x86_64) (WARNING: The server did not provide any stacktrace information)
Command duration or timeout: 14 milliseconds
Build info: version: '3.4.0', revision: 'unknown', time: 'unknown'
System info: host: 'ip-172-31-36-232', ip: '172.31.36.232', os.name: 'Linux', os.arch: 'amd64', os.version: '4.15.0-1043-aws', java.version: '1.8.0_212'
Driver info: driver.version: ChromeDriver
	at sun.reflect.NativeConstructorAccessorImpl.newInstance0(Native Method)
	at sun.reflect.NativeConstructorAccessorImpl.newInstance(NativeConstructorAccessorImpl.java:62)
	at sun.reflect.DelegatingConstructorAccessorImpl.newInstance(DelegatingConstructorAccessorImpl.java:45)
	at java.lang.reflect.Constructor.newInstance(Constructor.java:423)
	at org.openqa.selenium.remote.ErrorHandler.createThrowable(ErrorHandler.java:215)
	at org.openqa.selenium.remote.ErrorHandler.throwIfResponseFailed(ErrorHandler.java:167)
	at org.openqa.selenium.remote.JsonWireProtocolResponse.lambda$new$0(JsonWireProtocolResponse.java:53)
	at org.openqa.selenium.remote.JsonWireProtocolResponse.lambda$getResponseFunction$2(JsonWireProtocolResponse.java:91)
	at org.openqa.selenium.remote.ProtocolHandshake.lambda$createSession$22(ProtocolHandshake.java:365)
	at java.util.stream.ReferencePipeline$3$1.accept(ReferencePipeline.java:193)
	at java.util.Spliterators$ArraySpliterator.tryAdvance(Spliterators.java:958)
	at java.util.stream.ReferencePipeline.forEachWithCancel(ReferencePipeline.java:126)
	at java.util.stream.AbstractPipeline.copyIntoWithCancel(AbstractPipeline.java:499)
	at java.util.stream.AbstractPipeline.copyInto(AbstractPipeline.java:486)
	at java.util.stream.AbstractPipeline.wrapAndCopyInto(AbstractPipeline.java:472)
	at java.util.stream.FindOps$FindOp.evaluateSequential(FindOps.java:152)
	at java.util.stream.AbstractPipeline.evaluate(AbstractPipeline.java:234)
	at java.util.stream.ReferencePipeline.findFirst(ReferencePipeline.java:464)
	at org.openqa.selenium.remote.ProtocolHandshake.createSession(ProtocolHandshake.java:368)
	at org.openqa.selenium.remote.ProtocolHandshake.createSession(ProtocolHandshake.java:159)
	at org.openqa.selenium.remote.HttpCommandExecutor.execute(HttpCommandExecutor.java:142)
	at org.openqa.selenium.remote.service.DriverCommandExecutor.execute(DriverCommandExecutor.java:82)
	at org.openqa.selenium.remote.RemoteWebDriver.execute(RemoteWebDriver.java:637)
	at org.openqa.selenium.remote.RemoteWebDriver.startSession(RemoteWebDriver.java:250)
	at org.openqa.selenium.remote.RemoteWebDriver.startSession(RemoteWebDriver.java:236)
	at org.openqa.selenium.remote.RemoteWebDriver.<init>(RemoteWebDriver.java:137)
	at org.openqa.selenium.chrome.ChromeDriver.<init>(ChromeDriver.java:184)
	at org.openqa.selenium.chrome.ChromeDriver.<init>(ChromeDriver.java:171)
	at org.openqa.selenium.chrome.ChromeDriver.<init>(ChromeDriver.java:158)
	at util.WebConnector.openBrowser(WebConnector.java:118)
	at stepDefinitions.stepDefinition.i_am_logged_into_wp_nyu_edu_in(stepDefinition.java:37)
	at ✽.Given I am logged into wp.nyu.edu in "ChromeHL"(Account.feature:12)
]]></failure>
</testcase>
<testcase classname="Account Feature" name="Verify all the links on WebPublishing landing page is funcitonal" time="0.015251">
<skipped><![CDATA[Given Runmode is "N"........................................................pending
Given I am logged into wp.nyu.edu in "MozillaHL"............................skipped
When I click on "Create" Link...............................................skipped
Then I should see "Admin_Email_Field".......................................skipped
When I click on "Support" Link..............................................skipped
Then I should see "WebPublishing_Help_Label"................................skipped
When I click on "Updates" Link..............................................skipped
Then I should see "Recent_Posts"............................................skipped
And I close the browser.....................................................skipped
]]></skipped>
</testcase>
<testcase classname="Account Feature" name="Verify all the links on WebPublishing landing page is funcitonal 2" time="0.000643">
<skipped><![CDATA[Given Runmode is "N"........................................................pending
Given I am logged into wp.nyu.edu in "ChromeHL".............................skipped
When I click on "Create" Link...............................................skipped
Then I should see "Admin_Email_Field".......................................skipped
When I click on "Support" Link..............................................skipped
Then I should see "WebPublishing_Help_Label"................................skipped
When I click on "Updates" Link..............................................skipped
Then I should see "Recent_Posts"............................................skipped
And I close the browser.....................................................skipped
]]></skipped>
</testcase>
</testsuite>
